0 info it worked if it ends with ok
1 verbose cli [ 'D:\\tools\\nodejs\\node.exe',
1 verbose cli   'C:\\Users\\Andrew\\AppData\\Roaming\\npm\\node_modules\\npm\\bin\\npm-cli.js',
1 verbose cli   'run',
1 verbose cli   'docker-server' ]
2 info using npm@2.15.1
3 info using node@v8.2.1
4 verbose stack Error: missing script: docker-server
4 verbose stack     at run (C:\Users\Andrew\AppData\Roaming\npm\node_modules\npm\lib\run-script.js:142:19)
4 verbose stack     at C:\Users\Andrew\AppData\Roaming\npm\node_modules\npm\lib\run-script.js:58:5
4 verbose stack     at C:\Users\Andrew\AppData\Roaming\npm\node_modules\npm\node_modules\read-package-json\read-json.js:345:5
4 verbose stack     at checkBinReferences_ (C:\Users\Andrew\AppData\Roaming\npm\node_modules\npm\node_modules\read-package-json\read-json.js:309:45)
4 verbose stack     at final (C:\Users\Andrew\AppData\Roaming\npm\node_modules\npm\node_modules\read-package-json\read-json.js:343:3)
4 verbose stack     at then (C:\Users\Andrew\AppData\Roaming\npm\node_modules\npm\node_modules\read-package-json\read-json.js:113:5)
4 verbose stack     at C:\Users\Andrew\AppData\Roaming\npm\node_modules\npm\node_modules\read-package-json\read-json.js:232:12
4 verbose stack     at C:\Users\Andrew\AppData\Roaming\npm\node_modules\npm\node_modules\graceful-fs\graceful-fs.js:78:16
4 verbose stack     at tryToString (fs.js:513:3)
4 verbose stack     at FSReqWrap.readFileAfterClose [as oncomplete] (fs.js:501:12)
5 verbose cwd C:\Users\Andrew\Projects\Personal\blockcms\cp
6 error Windows_NT 10.0.14393
7 error argv "D:\\tools\\nodejs\\node.exe" "C:\\Users\\Andrew\\AppData\\Roaming\\npm\\node_modules\\npm\\bin\\npm-cli.js" "run" "docker-server"
8 error node v8.2.1
9 error npm  v2.15.1
10 error missing script: docker-server
11 error If you need help, you may report this error at:
11 error     <https://github.com/npm/npm/issues>
12 verbose exit [ 1, true ]
